2020-09-17 16:15:08,367 INFO  com.liveguru.user.Assert_Verify - Pre-condition - Step 01: Open browser and application.
2020-09-17 16:15:18,593 INFO  com.liveguru.user.Assert_Verify - Pre-condition - Step 02: Click My Account link.
2020-09-17 16:15:20,943 INFO  com.liveguru.user.Assert_Verify - Pre-condition - Step 03: Click Create an Account button.
2020-09-17 16:15:23,212 INFO  com.liveguru.user.Assert_Verify - Register_01 - Step 01: Click Register button.
2020-09-17 16:15:23,547 INFO  com.liveguru.user.Assert_Verify - Register_01 - Step 02: Verify the validation message display for the blank fields
2020-09-17 16:15:24,027 INFO  com.liveguru.user.Assert_Verify - Pre-condition - Step 02: Click My Account link.
2020-09-17 16:15:26,326 INFO  com.liveguru.user.Assert_Verify - Pre-condition - Step 03: Click Create an Account button.
2020-09-17 16:15:28,822 INFO  com.liveguru.user.Assert_Verify - Register_02 - Step 01: Input data into Email textbox
2020-09-17 16:15:28,957 INFO  com.liveguru.user.Assert_Verify - Register_02 - Step 02: Click Register button
2020-09-17 16:15:29,304 INFO  com.liveguru.user.Assert_Verify - Register_02 - Step 03: Verify validation msg displays for email field
2020-09-17 16:15:29,404 INFO  com.liveguru.user.Assert_Verify - Pre-condition - Step 02: Click My Account link.
2020-09-17 16:15:32,005 INFO  com.liveguru.user.Assert_Verify - Pre-condition - Step 03: Click Create an Account button.
2020-09-17 16:15:33,934 INFO  com.liveguru.user.Assert_Verify - Register_03 - Step 01: Input data into Password textbox
2020-09-17 16:15:34,065 INFO  com.liveguru.user.Assert_Verify - Register_03 - Step 02: Click Register button
2020-09-17 16:15:34,443 INFO  com.liveguru.user.Assert_Verify - Register_03 - Step 03: Verify validation msg displays for Password field
2020-09-17 16:15:34,532 INFO  com.liveguru.user.Assert_Verify - Pre-condition - Step 02: Click My Account link.
2020-09-17 16:15:36,776 INFO  com.liveguru.user.Assert_Verify - Pre-condition - Step 03: Click Create an Account button.
2020-09-17 16:15:38,737 INFO  com.liveguru.user.Assert_Verify - Register_04 - Step 01: Input data into Password and ConfirmPassword textbox
2020-09-17 16:15:39,016 INFO  com.liveguru.user.Assert_Verify - Register_04 - Step 02: Click Register button
2020-09-17 16:15:39,358 INFO  com.liveguru.user.Assert_Verify - Register_04 - Step 03: Verify validation msg displays for Password field
2020-09-17 16:15:39,446 INFO  com.liveguru.user.Assert_Verify - Pre-condition - Step 02: Click My Account link.
2020-09-17 16:15:41,972 INFO  com.liveguru.user.Assert_Verify - Pre-condition - Step 03: Click Create an Account button.
2020-09-17 16:18:28,748 INFO  com.liveguru.user.Assert_Verify - Pre-condition - Step 01: Open browser and application.
2020-09-17 16:18:33,504 INFO  com.liveguru.user.Assert_Verify - Pre-condition - Step 02: Click My Account link.
2020-09-17 16:18:36,154 INFO  com.liveguru.user.Assert_Verify - Pre-condition - Step 03: Click Create an Account button.
2020-09-17 16:18:38,664 INFO  com.liveguru.user.Assert_Verify - Register_01 - Step 01: Click Register button.
2020-09-17 16:18:39,012 INFO  com.liveguru.user.Assert_Verify - Register_01 - Step 02: Verify the validation message display for the blank fields
2020-09-17 16:18:39,467 INFO  com.liveguru.user.Assert_Verify - Pre-condition - Step 02: Click My Account link.
2020-09-17 16:18:41,722 INFO  com.liveguru.user.Assert_Verify - Pre-condition - Step 03: Click Create an Account button.
2020-09-17 16:18:43,887 INFO  com.liveguru.user.Assert_Verify - Register_02 - Step 01: Input data into Email textbox
2020-09-17 16:18:44,028 INFO  com.liveguru.user.Assert_Verify - Register_02 - Step 02: Click Register button
2020-09-17 16:18:44,374 INFO  com.liveguru.user.Assert_Verify - Register_02 - Step 03: Verify validation msg displays for email field
2020-09-17 16:18:44,465 INFO  com.liveguru.user.Assert_Verify - Pre-condition - Step 02: Click My Account link.
2020-09-17 16:18:47,272 INFO  com.liveguru.user.Assert_Verify - Pre-condition - Step 03: Click Create an Account button.
2020-09-17 16:18:49,577 INFO  com.liveguru.user.Assert_Verify - Register_03 - Step 01: Input data into Password textbox
2020-09-17 16:18:49,700 INFO  com.liveguru.user.Assert_Verify - Register_03 - Step 02: Click Register button
2020-09-17 16:18:50,069 INFO  com.liveguru.user.Assert_Verify - Register_03 - Step 03: Verify validation msg displays for Password field
2020-09-17 16:18:50,156 INFO  com.liveguru.user.Assert_Verify - Pre-condition - Step 02: Click My Account link.
2020-09-17 16:18:52,903 INFO  com.liveguru.user.Assert_Verify - Pre-condition - Step 03: Click Create an Account button.
2020-09-17 16:18:55,539 INFO  com.liveguru.user.Assert_Verify - Register_04 - Step 01: Input data into Password and ConfirmPassword textbox
2020-09-17 16:18:55,814 INFO  com.liveguru.user.Assert_Verify - Register_04 - Step 02: Click Register button
2020-09-17 16:18:56,167 INFO  com.liveguru.user.Assert_Verify - Register_04 - Step 03: Verify validation msg displays for Password field
2020-09-17 16:18:56,251 INFO  com.liveguru.user.Assert_Verify - Pre-condition - Step 02: Click My Account link.
2020-09-17 16:18:58,591 INFO  com.liveguru.user.Assert_Verify - Pre-condition - Step 03: Click Create an Account button.
2020-09-17 16:22:03,165 INFO  com.liveguru.user.Assert_Verify - Pre-condition - Step 01: Open browser and application.
2020-09-17 16:22:08,067 INFO  com.liveguru.user.Assert_Verify - Pre-condition - Step 02: Click My Account link.
2020-09-17 16:22:10,919 INFO  com.liveguru.user.Assert_Verify - Pre-condition - Step 03: Click Create an Account button.
2020-09-17 16:22:12,876 INFO  com.liveguru.user.Assert_Verify - Register_01 - Step 01: Click Register button.
2020-09-17 16:22:13,215 INFO  com.liveguru.user.Assert_Verify - Register_01 - Step 02: Verify the validation message display for the blank fields
2020-09-17 16:22:13,416 INFO  com.liveguru.user.Assert_Verify - Pre-condition - Step 02: Click My Account link.
2020-09-17 16:22:15,908 INFO  com.liveguru.user.Assert_Verify - Pre-condition - Step 03: Click Create an Account button.
2020-09-17 16:22:17,894 INFO  com.liveguru.user.Assert_Verify - Register_02 - Step 01: Input data into Email textbox
2020-09-17 16:22:18,028 INFO  com.liveguru.user.Assert_Verify - Register_02 - Step 02: Click Register button
2020-09-17 16:22:18,380 INFO  com.liveguru.user.Assert_Verify - Register_02 - Step 03: Verify validation msg displays for email field
2020-09-17 16:22:18,467 INFO  com.liveguru.user.Assert_Verify - Pre-condition - Step 02: Click My Account link.
2020-09-17 16:22:20,697 INFO  com.liveguru.user.Assert_Verify - Pre-condition - Step 03: Click Create an Account button.
2020-09-17 16:22:23,205 INFO  com.liveguru.user.Assert_Verify - Register_03 - Step 01: Input data into Password textbox
2020-09-17 16:22:23,330 INFO  com.liveguru.user.Assert_Verify - Register_03 - Step 02: Click Register button
2020-09-17 16:22:23,696 INFO  com.liveguru.user.Assert_Verify - Register_03 - Step 03: Verify validation msg displays for Password field
2020-09-17 16:22:23,784 INFO  com.liveguru.user.Assert_Verify - Pre-condition - Step 02: Click My Account link.
2020-09-17 16:22:26,799 INFO  com.liveguru.user.Assert_Verify - Pre-condition - Step 03: Click Create an Account button.
2020-09-17 16:22:28,784 INFO  com.liveguru.user.Assert_Verify - Register_04 - Step 01: Input data into Password and ConfirmPassword textbox
2020-09-17 16:22:29,050 INFO  com.liveguru.user.Assert_Verify - Register_04 - Step 02: Click Register button
2020-09-17 16:22:29,404 INFO  com.liveguru.user.Assert_Verify - Register_04 - Step 03: Verify validation msg displays for Password field
2020-09-17 16:22:29,496 INFO  com.liveguru.user.Assert_Verify - Pre-condition - Step 02: Click My Account link.
2020-09-17 16:22:32,010 INFO  com.liveguru.user.Assert_Verify - Pre-condition - Step 03: Click Create an Account button.
2020-09-17 16:24:18,242 INFO  com.liveguru.user.Assert_Verify - Pre-condition - Step 01: Open browser and application.
2020-09-17 16:24:22,842 INFO  com.liveguru.user.Assert_Verify - Pre-condition - Step 02: Click My Account link.
2020-09-17 16:24:25,159 INFO  com.liveguru.user.Assert_Verify - Pre-condition - Step 03: Click Create an Account button.
2020-09-17 16:24:27,414 INFO  com.liveguru.user.Assert_Verify - Register_01 - Step 01: Click Register button.
2020-09-17 16:24:27,762 INFO  com.liveguru.user.Assert_Verify - Register_01 - Step 02: Verify the validation message display for the blank fields
2020-09-17 16:24:28,215 INFO  com.liveguru.user.Assert_Verify - Pre-condition - Step 02: Click My Account link.
2020-09-17 16:24:30,474 INFO  com.liveguru.user.Assert_Verify - Pre-condition - Step 03: Click Create an Account button.
2020-09-17 16:24:32,449 INFO  com.liveguru.user.Assert_Verify - Register_02 - Step 01: Input data into Email textbox
2020-09-17 16:24:32,567 INFO  com.liveguru.user.Assert_Verify - Register_02 - Step 02: Click Register button
2020-09-17 16:24:32,902 INFO  com.liveguru.user.Assert_Verify - Register_02 - Step 03: Verify validation msg displays for email field
2020-09-17 16:24:32,998 INFO  com.liveguru.user.Assert_Verify - Pre-condition - Step 02: Click My Account link.
2020-09-17 16:24:35,533 INFO  com.liveguru.user.Assert_Verify - Pre-condition - Step 03: Click Create an Account button.
2020-09-17 16:24:37,470 INFO  com.liveguru.user.Assert_Verify - Register_03 - Step 01: Input data into Password textbox
2020-09-17 16:24:37,584 INFO  com.liveguru.user.Assert_Verify - Register_03 - Step 02: Click Register button
2020-09-17 16:24:37,961 INFO  com.liveguru.user.Assert_Verify - Register_03 - Step 03: Verify validation msg displays for Password field
2020-09-17 16:24:38,048 INFO  com.liveguru.user.Assert_Verify - Pre-condition - Step 02: Click My Account link.
2020-09-17 16:24:40,783 INFO  com.liveguru.user.Assert_Verify - Pre-condition - Step 03: Click Create an Account button.
2020-09-17 16:24:43,501 INFO  com.liveguru.user.Assert_Verify - Register_04 - Step 01: Input data into Password and ConfirmPassword textbox
2020-09-17 16:24:43,762 INFO  com.liveguru.user.Assert_Verify - Register_04 - Step 02: Click Register button
2020-09-17 16:24:44,133 INFO  com.liveguru.user.Assert_Verify - Register_04 - Step 03: Verify validation msg displays for Password field
2020-09-17 16:24:44,245 INFO  com.liveguru.user.Assert_Verify - Pre-condition - Step 02: Click My Account link.
2020-09-17 16:24:46,462 INFO  com.liveguru.user.Assert_Verify - Pre-condition - Step 03: Click Create an Account button.
2020-09-17 17:07:45,575 INFO  com.liveguru.user.Assert_Verify - Pre-condition - Step 01: Open browser and application.
2020-09-17 17:07:48,887 INFO  com.liveguru.user.Assert_Verify - Pre-condition - Step 02: Click My Account link.
2020-09-17 17:07:50,385 INFO  com.liveguru.user.Assert_Verify - Pre-condition - Step 03: Click Create an Account button.
2020-09-17 17:07:51,494 INFO  com.liveguru.user.Assert_Verify - Register_01 - Step 01: Click Register button.
2020-09-17 17:07:51,642 INFO  com.liveguru.user.Assert_Verify - Register_01 - Step 02: Verify the validation message display for the blank fields
2020-09-17 17:07:52,184 INFO  com.liveguru.user.Assert_Verify - Pre-condition - Step 02: Click My Account link.
2020-09-17 17:07:53,633 INFO  com.liveguru.user.Assert_Verify - Pre-condition - Step 03: Click Create an Account button.
2020-09-17 17:07:54,721 INFO  com.liveguru.user.Assert_Verify - Register_02 - Step 01: Input data into Email textbox
2020-09-17 17:07:54,915 INFO  com.liveguru.user.Assert_Verify - Register_02 - Step 02: Click Register button
2020-09-17 17:07:55,059 INFO  com.liveguru.user.Assert_Verify - Register_02 - Step 03: Verify validation msg displays for email field
2020-09-17 17:07:55,153 INFO  com.liveguru.user.Assert_Verify - Pre-condition - Step 02: Click My Account link.
2020-09-17 17:07:56,573 INFO  com.liveguru.user.Assert_Verify - Pre-condition - Step 03: Click Create an Account button.
2020-09-17 17:07:57,671 INFO  com.liveguru.user.Assert_Verify - Register_03 - Step 01: Input data into Password textbox
2020-09-17 17:07:57,851 INFO  com.liveguru.user.Assert_Verify - Register_03 - Step 02: Click Register button
2020-09-17 17:07:57,990 INFO  com.liveguru.user.Assert_Verify - Register_03 - Step 03: Verify validation msg displays for Password field
2020-09-17 17:07:58,090 INFO  com.liveguru.user.Assert_Verify - Pre-condition - Step 02: Click My Account link.
2020-09-17 17:07:59,521 INFO  com.liveguru.user.Assert_Verify - Pre-condition - Step 03: Click Create an Account button.
2020-09-17 17:08:00,633 INFO  com.liveguru.user.Assert_Verify - Register_04 - Step 01: Input data into Password and ConfirmPassword textbox
2020-09-17 17:08:00,993 INFO  com.liveguru.user.Assert_Verify - Register_04 - Step 02: Click Register button
2020-09-17 17:08:01,139 INFO  com.liveguru.user.Assert_Verify - Register_04 - Step 03: Verify validation msg displays for Password field
2020-09-17 17:08:01,257 INFO  com.liveguru.user.Assert_Verify - Pre-condition - Step 02: Click My Account link.
2020-09-17 17:08:02,651 INFO  com.liveguru.user.Assert_Verify - Pre-condition - Step 03: Click Create an Account button.
2020-09-17 17:16:07,825 INFO  com.liveguru.user.Assert_Verify - Pre-condition - Step 01: Open browser and application.
2020-09-17 17:16:11,228 INFO  com.liveguru.user.Assert_Verify - Pre-condition - Step 02: Click My Account link.
2020-09-17 17:16:12,689 INFO  com.liveguru.user.Assert_Verify - Pre-condition - Step 03: Click Create an Account button.
2020-09-17 17:16:13,824 INFO  com.liveguru.user.Assert_Verify - Register_01 - Step 01: Click Register button.
2020-09-17 17:16:14,037 INFO  com.liveguru.user.Assert_Verify - Register_01 - Step 02: Verify the validation message display for the blank fields
2020-09-17 17:16:14,211 INFO  com.liveguru.user.Assert_Verify -  -------------------------- PASSED -------------------------- 
2020-09-17 17:16:14,369 INFO  com.liveguru.user.Assert_Verify -  -------------------------- FAILED -------------------------- 
2020-09-17 17:16:14,485 INFO  com.liveguru.user.Assert_Verify -  -------------------------- FAILED -------------------------- 
2020-09-17 17:16:14,599 INFO  com.liveguru.user.Assert_Verify -  -------------------------- FAILED -------------------------- 
2020-09-17 17:16:14,726 INFO  com.liveguru.user.Assert_Verify -  -------------------------- PASSED -------------------------- 
2020-09-17 17:16:14,730 INFO  com.liveguru.user.Assert_Verify - Pre-condition - Step 02: Click My Account link.
2020-09-17 17:16:16,157 INFO  com.liveguru.user.Assert_Verify - Pre-condition - Step 03: Click Create an Account button.
2020-09-17 17:16:17,237 INFO  com.liveguru.user.Assert_Verify - Register_02 - Step 01: Input data into Email textbox
2020-09-17 17:16:17,454 INFO  com.liveguru.user.Assert_Verify - Register_02 - Step 02: Click Register button
2020-09-17 17:16:17,641 INFO  com.liveguru.user.Assert_Verify - Register_02 - Step 03: Verify validation msg displays for email field
2020-09-17 17:16:17,810 INFO  com.liveguru.user.Assert_Verify - Pre-condition - Step 02: Click My Account link.
2020-09-17 17:16:19,199 INFO  com.liveguru.user.Assert_Verify - Pre-condition - Step 03: Click Create an Account button.
2020-09-17 17:16:20,317 INFO  com.liveguru.user.Assert_Verify - Register_03 - Step 01: Input data into Password textbox
2020-09-17 17:16:20,510 INFO  com.liveguru.user.Assert_Verify - Register_03 - Step 02: Click Register button
2020-09-17 17:16:20,662 INFO  com.liveguru.user.Assert_Verify - Register_03 - Step 03: Verify validation msg displays for Password field
2020-09-17 17:16:20,779 INFO  com.liveguru.user.Assert_Verify - Pre-condition - Step 02: Click My Account link.
2020-09-17 17:16:22,440 INFO  com.liveguru.user.Assert_Verify - Pre-condition - Step 03: Click Create an Account button.
2020-09-17 17:16:23,184 INFO  com.liveguru.user.Assert_Verify - Register_04 - Step 01: Input data into Password and ConfirmPassword textbox
2020-09-17 17:16:23,548 INFO  com.liveguru.user.Assert_Verify - Register_04 - Step 02: Click Register button
2020-09-17 17:16:23,727 INFO  com.liveguru.user.Assert_Verify - Register_04 - Step 03: Verify validation msg displays for Password field
2020-09-17 17:16:23,869 INFO  com.liveguru.user.Assert_Verify - Pre-condition - Step 02: Click My Account link.
2020-09-17 17:16:25,251 INFO  com.liveguru.user.Assert_Verify - Pre-condition - Step 03: Click Create an Account button.
